<?xml version="1.0" encoding="UTF-8"?>
<!-- Generated by org.testng.reporters.JUnitReportReporter -->
<testsuite hostname="qapiapi04" failures="0" tests="2" name="learning.restassured.jiraapi.HttpMethodsJiraAPI" time="14.391" errors="0" timestamp="2022-07-29T09:24:26 IST" skipped="0">
  <testcase classname="learning.restassured.jiraapi.HttpMethodsJiraAPI" name="method1" time="9.370"/>
  <system-out/>
  <testcase classname="learning.restassured.jiraapi.HttpMethodsJiraAPI" name="m2" time="5.021"/>
  <system-out/>
</testsuite> <!-- learning.restassured.jiraapi.HttpMethodsJiraAPI -->
