<?xml version="1.0" encoding="UTF-8"?>
<!-- Generated by org.testng.reporters.JUnitReportReporter -->
<testsuite hostname="qapiapi04" failures="0" tests="13" name="learning.restassured.jsonplaceholder.firstRequest" time="13.165" errors="0" timestamp="2022-07-22T10:49:48 IST" skipped="0">
  <testcase classname="learning.restassured.jsonplaceholder.firstRequest" name="m1" time="6.946"/>
  <system-out/>
  <testcase classname="learning.restassured.jsonplaceholder.firstRequest" name="m2" time="0.406"/>
  <system-out/>
  <testcase classname="learning.restassured.jsonplaceholder.firstRequest" name="m3" time="0.975"/>
  <system-out/>
  <testcase classname="learning.restassured.jsonplaceholder.firstRequest" name="m4" time="0.925"/>
  <system-out/>
  <testcase classname="learning.restassured.jsonplaceholder.firstRequest" name="m5" time="0.894"/>
  <system-out/>
  <testcase classname="learning.restassured.jsonplaceholder.firstRequest" name="m6" time="0.729"/>
  <system-out/>
  <testcase classname="learning.restassured.jsonplaceholder.firstRequest" name="m7" time="0.843"/>
  <system-out/>
  <testcase classname="learning.restassured.jsonplaceholder.firstRequest" name="m8" time="0.150"/>
  <system-out/>
  <testcase classname="learning.restassured.jsonplaceholder.firstRequest" name="m9" time="0.308"/>
  <system-out/>
  <testcase classname="learning.restassured.jsonplaceholder.firstRequest" name="m10" time="0.213"/>
  <system-out/>
  <testcase classname="learning.restassured.jsonplaceholder.firstRequest" name="m11" time="0.098"/>
  <system-out/>
  <testcase classname="learning.restassured.jsonplaceholder.firstRequest" name="m12" time="0.142"/>
  <system-out/>
  <testcase classname="learning.restassured.jsonplaceholder.firstRequest" name="m13" time="0.536"/>
  <system-out/>
</testsuite> <!-- learning.restassured.jsonplaceholder.firstRequest -->
