<?xml version="1.0" encoding="UTF-8"?>
<!-- Generated by org.testng.reporters.JUnitReportReporter -->
<testsuite hostname="qapiapi04" failures="0" tests="1" name="restassuredbookapi.HttpmethodChaining$HttpMethodChaining" time="3.776" errors="0" timestamp="2022-07-20T18:32:50 IST" skipped="0">
  <testcase classname="restassuredbookapi.HttpmethodChaining$HttpMethodChaining" name="testUserAPI" time="3.776"/>
  <system-out/>
</testsuite> <!-- restassuredbookapi.HttpmethodChaining$HttpMethodChaining -->
