<?xml version="1.0" encoding="UTF-8"?>
<!-- Generated by org.testng.reporters.JUnitReportReporter -->
<testsuite hostname="qapiapi04" failures="0" tests="1" name="restassuredbookapi.BookAPIMethodChaining" time="4.027" errors="0" timestamp="2022-07-20T19:08:45 IST" skipped="0">
  <testcase classname="restassuredbookapi.BookAPIMethodChaining" name="testUserAPI" time="4.027"/>
  <system-out/>
</testsuite> <!-- restassuredbookapi.BookAPIMethodChaining -->
