<?xml version="1.0" encoding="UTF-8"?>
<!-- Generated by org.testng.reporters.JUnitReportReporter -->
<testsuite hostname="qapiapi04" failures="0" tests="13" name="learning.restassured.jsonplaceholder.HttpMethodsJSONplaceHolder" time="11.444" errors="0" timestamp="2022-07-22T12:10:33 IST" skipped="0">
  <testcase classname="learning.restassured.jsonplaceholder.HttpMethodsJSONplaceHolder" name="m1" time="5.437"/>
  <system-out/>
  <testcase classname="learning.restassured.jsonplaceholder.HttpMethodsJSONplaceHolder" name="m2" time="0.420"/>
  <system-out/>
  <testcase classname="learning.restassured.jsonplaceholder.HttpMethodsJSONplaceHolder" name="m3" time="0.761"/>
  <system-out/>
  <testcase classname="learning.restassured.jsonplaceholder.HttpMethodsJSONplaceHolder" name="m4" time="0.858"/>
  <system-out/>
  <testcase classname="learning.restassured.jsonplaceholder.HttpMethodsJSONplaceHolder" name="m5" time="0.804"/>
  <system-out/>
  <testcase classname="learning.restassured.jsonplaceholder.HttpMethodsJSONplaceHolder" name="m6" time="0.818"/>
  <system-out/>
  <testcase classname="learning.restassured.jsonplaceholder.HttpMethodsJSONplaceHolder" name="m7" time="0.860"/>
  <system-out/>
  <testcase classname="learning.restassured.jsonplaceholder.HttpMethodsJSONplaceHolder" name="m8" time="0.454"/>
  <system-out/>
  <testcase classname="learning.restassured.jsonplaceholder.HttpMethodsJSONplaceHolder" name="m9" time="0.323"/>
  <system-out/>
  <testcase classname="learning.restassured.jsonplaceholder.HttpMethodsJSONplaceHolder" name="m10" time="0.106"/>
  <system-out/>
  <testcase classname="learning.restassured.jsonplaceholder.HttpMethodsJSONplaceHolder" name="m11" time="0.109"/>
  <system-out/>
  <testcase classname="learning.restassured.jsonplaceholder.HttpMethodsJSONplaceHolder" name="m12" time="0.122"/>
  <system-out/>
  <testcase classname="learning.restassured.jsonplaceholder.HttpMethodsJSONplaceHolder" name="m13" time="0.372"/>
  <system-out/>
</testsuite> <!-- learning.restassured.jsonplaceholder.HttpMethodsJSONplaceHolder -->
