<?xml version="1.0" encoding="UTF-8"?>
<!-- Generated by org.testng.reporters.JUnitReportReporter -->
<testsuite hostname="qapiapi04" failures="0" tests="5" name="learning.restassured.jiraapi.HttpMethodsJiraAPI2" time="11.128" errors="0" timestamp="2022-07-22T19:15:36 IST" skipped="0">
  <testcase classname="learning.restassured.jiraapi.HttpMethodsJiraAPI2" name="m1" time="5.798"/>
  <system-out/>
  <testcase classname="learning.restassured.jiraapi.HttpMethodsJiraAPI2" name="m4" time="0.250"/>
  <system-out/>
  <testcase classname="learning.restassured.jiraapi.HttpMethodsJiraAPI2" name="m2" time="3.699"/>
  <system-out/>
  <testcase classname="learning.restassured.jiraapi.HttpMethodsJiraAPI2" name="m3" time="0.583"/>
  <system-out/>
  <testcase classname="learning.restassured.jiraapi.HttpMethodsJiraAPI2" name="m5" time="0.798"/>
  <system-out/>
</testsuite> <!-- learning.restassured.jiraapi.HttpMethodsJiraAPI2 -->
