<?xml version="1.0" encoding="UTF-8"?>
<!-- Generated by org.testng.reporters.JUnitReportReporter -->
<testsuite hostname="qapiapi04" failures="0" tests="1" name="restassuredbookapi.JsonFile" time="2.988" errors="0" timestamp="2022-07-20T18:45:43 IST" skipped="0">
  <testcase classname="restassuredbookapi.JsonFile" name="m1" time="2.988"/>
  <system-out/>
</testsuite> <!-- restassuredbookapi.JsonFile -->
