<?xml version="1.0" encoding="UTF-8"?>
<!-- Generated by org.testng.reporters.JUnitReportReporter -->
<testsuite hostname="qapiapi04" failures="0" tests="2" name="RestAssuredAPI.GetRequestDemo" time="2.159" errors="0" timestamp="12 Jul 2022 06:16:25 GMT" skipped="0">
  <testcase classname="RestAssuredAPI.GetRequestDemo" name="statusCodeVerification" time="0.290"/>
  <testcase classname="RestAssuredAPI.GetRequestDemo" name="response" time="1.869"/>
</testsuite> <!-- RestAssuredAPI.GetRequestDemo -->
