<?xml version="1.0" encoding="UTF-8"?>
<!-- Generated by org.testng.reporters.JUnitReportReporter -->
<testsuite hostname="qapiapi04" failures="0" tests="2" name="learning.restassured.datadrivern.FetchingDatafromDataProvider" time="9.118" errors="0" timestamp="2022-07-26T21:53:42 IST" skipped="0">
  <testcase classname="learning.restassured.datadrivern.FetchingDatafromDataProvider" name="getPOSTRequestBody" time="9.059"/>
  <system-out/>
  <testcase classname="learning.restassured.datadrivern.FetchingDatafromDataProvider" name="getPOSTRequestBody" time="0.059"/>
  <system-out/>
</testsuite> <!-- learning.restassured.datadrivern.FetchingDatafromDataProvider -->
