<?xml version="1.0" encoding="UTF-8"?>
<!-- Generated by org.testng.reporters.JUnitReportReporter -->
<testsuite hostname="qapiapi04" failures="0" tests="3" name="restassuredbookapi.FetchingDatafromDataProvider" time="2.782" errors="0" timestamp="2022-07-19T16:07:58 IST" skipped="0">
  <testcase classname="restassuredbookapi.FetchingDatafromDataProvider" name="getPOSTRequestBody" time="0.033"/>
  <system-out/>
  <testcase classname="restassuredbookapi.FetchingDatafromDataProvider" name="getPOSTRequestBody" time="0.030"/>
  <system-out/>
  <testcase classname="restassuredbookapi.FetchingDatafromDataProvider" name="getPOSTRequestBody" time="2.719"/>
  <system-out/>
</testsuite> <!-- restassuredbookapi.FetchingDatafromDataProvider -->
